2019-06-02 09:41:01,846 INFO o.a.j.u.JMeterUtils: Setting Locale to zh_CN
2019-06-02 09:41:01,859 INFO o.a.j.JMeter: Loading user properties from: D:\software\apache-jmeter-4.0\bin\user.properties
2019-06-02 09:41:01,860 INFO o.a.j.JMeter: Loading system properties from: D:\software\apache-jmeter-4.0\bin\system.properties
2019-06-02 09:41:01,865 INFO o.a.j.JMeter: Copyright (c) 1998-2018 The Apache Software Foundation
2019-06-02 09:41:01,865 INFO o.a.j.JMeter: Version 4.0 r1823414
2019-06-02 09:41:01,865 INFO o.a.j.JMeter: java.version=1.8.0_144
2019-06-02 09:41:01,865 INFO o.a.j.JMeter: java.vm.name=Java HotSpot(TM) 64-Bit Server VM
2019-06-02 09:41:01,865 INFO o.a.j.JMeter: os.name=Windows 10
2019-06-02 09:41:01,865 INFO o.a.j.JMeter: os.arch=amd64
2019-06-02 09:41:01,865 INFO o.a.j.JMeter: os.version=10.0
2019-06-02 09:41:01,865 INFO o.a.j.JMeter: file.encoding=GBK
2019-06-02 09:41:01,865 INFO o.a.j.JMeter: Max memory     =536870912
2019-06-02 09:41:01,866 INFO o.a.j.JMeter: Available Processors =8
2019-06-02 09:41:01,869 INFO o.a.j.JMeter: Default Locale=English (EN)
2019-06-02 09:41:01,869 INFO o.a.j.JMeter: JMeter  Locale=Chinese (China)
2019-06-02 09:41:01,869 INFO o.a.j.JMeter: JMeterHome=D:\software\apache-jmeter-4.0
2019-06-02 09:41:01,869 INFO o.a.j.JMeter: user.dir  =D:\softwaredate\jmeterdate\git_demo
2019-06-02 09:41:01,870 INFO o.a.j.JMeter: PWD       =D:\softwaredate\jmeterdate\git_demo
2019-06-02 09:41:01,872 INFO o.a.j.JMeter: IP: 192.168.1.102 Name: DESKTOP-FMNU03J FullName: DESKTOP-FMNU03J
2019-06-02 09:41:01,873 INFO o.a.j.JMeter: Setting property 'jmeter.reportgenerator.outputdir' to:'D:\softwaredate\jmeterdate\git_demo\report1'
2019-06-02 09:41:01,875 INFO o.a.j.s.FileServer: Default base='D:\softwaredate\jmeterdate\git_demo'
2019-06-02 09:41:01,879 INFO o.a.j.s.FileServer: Set new base='D:\softwaredate\jmeterdate\git_demo'
2019-06-02 09:41:01,997 INFO o.a.j.s.SaveService: Testplan (JMX) version: 2.2. Testlog (JTL) version: 2.2
2019-06-02 09:41:02,010 INFO o.a.j.s.SaveService: Using SaveService properties file encoding UTF-8
2019-06-02 09:41:02,014 INFO o.a.j.s.SaveService: Using SaveService properties version 4.0
2019-06-02 09:41:02,019 INFO o.a.j.s.SaveService: Loading file: CreatDemo.jmx
2019-06-02 09:41:02,077 INFO o.a.j.p.h.s.HTTPSamplerBase: Parser for text/html is org.apache.jmeter.protocol.http.parser.LagartoBasedHtmlParser
2019-06-02 09:41:02,078 INFO o.a.j.p.h.s.HTTPSamplerBase: Parser for application/xhtml+xml is org.apache.jmeter.protocol.http.parser.LagartoBasedHtmlParser
2019-06-02 09:41:02,078 INFO o.a.j.p.h.s.HTTPSamplerBase: Parser for application/xml is org.apache.jmeter.protocol.http.parser.LagartoBasedHtmlParser
2019-06-02 09:41:02,078 INFO o.a.j.p.h.s.HTTPSamplerBase: Parser for text/xml is org.apache.jmeter.protocol.http.parser.LagartoBasedHtmlParser
2019-06-02 09:41:02,078 INFO o.a.j.p.h.s.HTTPSamplerBase: Parser for text/vnd.wap.wml is org.apache.jmeter.protocol.http.parser.RegexpHTMLParser
2019-06-02 09:41:02,078 INFO o.a.j.p.h.s.HTTPSamplerBase: Parser for text/css is org.apache.jmeter.protocol.http.parser.CssParser
2019-06-02 09:41:02,127 INFO o.a.j.c.IncludeController: loadIncludedElements -- try to load included module: D:\softwaredate\jmeterdate\git_demo\PublicConfigration.jmx
2019-06-02 09:41:02,127 INFO o.a.j.s.SaveService: Loading file: D:\softwaredate\jmeterdate\git_demo\PublicConfigration.jmx
2019-06-02 09:41:02,131 INFO o.a.j.c.IncludeController: loadIncludedElements -- try to load included module: D:\softwaredate\jmeterdate\git_demo\PublicConfigration.jmx
2019-06-02 09:41:02,132 INFO o.a.j.s.SaveService: Loading file: D:\softwaredate\jmeterdate\git_demo\PublicConfigration.jmx
2019-06-02 09:41:02,133 INFO o.a.j.JMeter: Creating summariser <summary>
2019-06-02 09:41:02,139 INFO o.a.j.r.d.ReportGenerator: ReportGenerator will use for Parsing the separator: ','
2019-06-02 09:41:02,139 INFO o.a.j.r.d.ReportGenerator: Will generate report at end of test from  results file: result.jtl
2019-06-02 09:41:02,139 INFO o.a.j.r.d.ReportGenerator: Reading report generator properties from: D:\software\apache-jmeter-4.0\bin\reportgenerator.properties
2019-06-02 09:41:02,140 INFO o.a.j.r.d.ReportGenerator: Merging with JMeter properties
2019-06-02 09:41:02,144 INFO o.a.j.r.c.ReportGeneratorConfiguration: Property 'jmeter.reportgenerator.temp_dir' not found, using default value 'temp' instead.
2019-06-02 09:41:02,146 INFO o.a.j.r.c.ReportGeneratorConfiguration: Property 'jmeter.reportgenerator.apdex_per_transaction' not found, using default value 'null' instead.
2019-06-02 09:41:02,146 INFO o.a.j.r.c.ReportGeneratorConfiguration: apdex_per_transaction : {} is empty, not APDEX per transaction customization
2019-06-02 09:41:02,146 INFO o.a.j.r.c.ReportGeneratorConfiguration: Property 'jmeter.reportgenerator.sample_filter' not found, using default value 'null' instead.
2019-06-02 09:41:02,146 INFO o.a.j.r.c.ReportGeneratorConfiguration: Property 'jmeter.reportgenerator.report_title' not found, using default value 'null' instead.
2019-06-02 09:41:02,147 INFO o.a.j.r.c.ReportGeneratorConfiguration: Property 'jmeter.reportgenerator.start_date' not found, using default value 'null' instead.
2019-06-02 09:41:02,147 INFO o.a.j.r.c.ReportGeneratorConfiguration: Property 'jmeter.reportgenerator.end_date' not found, using default value 'null' instead.
2019-06-02 09:41:02,147 INFO o.a.j.r.c.ReportGeneratorConfiguration: Property 'jmeter.reportgenerator.date_format' not found, using default value 'null' instead.
2019-06-02 09:41:02,147 INFO o.a.j.r.c.ReportGeneratorConfiguration: Will use date range start date: null, end date: null
2019-06-02 09:41:02,152 INFO o.a.j.r.c.ReportGeneratorConfiguration: Property 'jmeter.reportgenerator.graph.activeThreadsOverTime.exclude_controllers' not found, using default value 'false' instead.
2019-06-02 09:41:02,152 INFO o.a.j.r.c.ReportGeneratorConfiguration: Property 'jmeter.reportgenerator.graph.timeVsThreads.exclude_controllers' not found, using default value 'false' instead.
2019-06-02 09:41:02,152 INFO o.a.j.r.c.ReportGeneratorConfiguration: Property 'jmeter.reportgenerator.graph.responseTimeDistribution.exclude_controllers' not found, using default value 'false' instead.
2019-06-02 09:41:02,152 INFO o.a.j.r.c.ReportGeneratorConfiguration: Property 'jmeter.reportgenerator.graph.transactionsPerSecond.exclude_controllers' not found, using default value 'false' instead.
2019-06-02 09:41:02,152 INFO o.a.j.r.c.ReportGeneratorConfiguration: Property 'jmeter.reportgenerator.graph.responseTimePercentiles.exclude_controllers' not found, using default value 'false' instead.
2019-06-02 09:41:02,155 INFO o.a.j.r.c.ReportGeneratorConfiguration: Property 'jmeter.reportgenerator.graph.responseTimePercentilesOverTime.exclude_controllers' not found, using default value 'false' instead.
2019-06-02 09:41:02,155 INFO o.a.j.r.c.ReportGeneratorConfiguration: Property 'jmeter.reportgenerator.graph.responseTimesOverTime.exclude_controllers' not found, using default value 'false' instead.
2019-06-02 09:41:02,155 INFO o.a.j.r.c.ReportGeneratorConfiguration: Property 'jmeter.reportgenerator.graph.connectTimeOverTime.exclude_controllers' not found, using default value 'false' instead.
2019-06-02 09:41:02,155 INFO o.a.j.r.c.ReportGeneratorConfiguration: Property 'jmeter.reportgenerator.graph.latenciesOverTime.exclude_controllers' not found, using default value 'false' instead.
2019-06-02 09:41:02,156 INFO o.a.j.r.c.ReportGeneratorConfiguration: Property 'jmeter.reportgenerator.exporter.html.filters_only_sample_series' not found, using default value 'true' instead.
2019-06-02 09:41:02,156 INFO o.a.j.r.c.ReportGeneratorConfiguration: Property 'jmeter.reportgenerator.exporter.html.series_filter' not found, using default value '' instead.
2019-06-02 09:41:02,157 INFO o.a.j.r.c.ReportGeneratorConfiguration: Property 'jmeter.reportgenerator.exporter.html.show_controllers_only' not found, using default value 'false' instead.
2019-06-02 09:41:02,161 INFO o.a.j.e.StandardJMeterEngine: Running the test!
2019-06-02 09:41:02,162 INFO o.a.j.s.SampleEvent: List of sample_variables: []
2019-06-02 09:41:02,162 INFO o.a.j.s.SampleEvent: List of sample_variables: []
2019-06-02 09:41:02,167 INFO o.a.j.e.u.CompoundVariable: Note: Function class names must contain the string: '.functions.'
2019-06-02 09:41:02,167 INFO o.a.j.e.u.CompoundVariable: Note: Function class names must not contain the string: '.gui.'
2019-06-02 09:41:02,566 INFO o.a.j.JMeter: 正在运行的测试 (1559439662566)
2019-06-02 09:41:02,596 INFO o.a.j.e.StandardJMeterEngine: Starting ThreadGroup: 1 : 性能测试_查询操作_商品分类查询
2019-06-02 09:41:02,596 INFO o.a.j.e.StandardJMeterEngine: Starting 50 threads for group 性能测试_查询操作_商品分类查询.
2019-06-02 09:41:02,596 INFO o.a.j.e.StandardJMeterEngine: Thread will continue on error
2019-06-02 09:41:02,596 INFO o.a.j.t.ThreadGroup: Starting thread group... number=1 threads=50 ramp-up=1 perThread=20.0 delayedStart=false
2019-06-02 09:41:02,599 INFO o.a.j.c.IncludeController: loadIncludedElements -- try to load included module: D:\softwaredate\jmeterdate\git_demo\PublicConfigration.jmx
2019-06-02 09:41:02,600 INFO o.a.j.s.SaveService: Loading file: D:\softwaredate\jmeterdate\git_demo\PublicConfigration.jmx
2019-06-02 09:41:02,604 INFO o.a.j.c.IncludeController: loadIncludedElements -- try to load included module: D:\softwaredate\jmeterdate\git_demo\PublicConfigration.jmx
2019-06-02 09:41:02,604 INFO o.a.j.s.SaveService: Loading file: D:\softwaredate\jmeterdate\git_demo\PublicConfigration.jmx
2019-06-02 09:41:02,605 INFO o.a.j.t.JMeterThread: Thread started: 性能测试_查询操作_商品分类查询 1-1
2019-06-02 09:41:02,606 INFO o.a.j.c.IncludeController: loadIncludedElements -- try to load included module: D:\softwaredate\jmeterdate\git_demo\PublicConfigration.jmx
2019-06-02 09:41:02,607 INFO o.a.j.s.SaveService: Loading file: D:\softwaredate\jmeterdate\git_demo\PublicConfigration.jmx
2019-06-02 09:41:02,609 INFO o.a.j.c.IncludeController: loadIncludedElements -- try to load included module: D:\softwaredate\jmeterdate\git_demo\PublicConfigration.jmx
2019-06-02 09:41:02,609 INFO o.a.j.s.SaveService: Loading file: D:\softwaredate\jmeterdate\git_demo\PublicConfigration.jmx
2019-06-02 09:41:02,611 INFO o.a.j.c.IncludeController: loadIncludedElements -- try to load included module: D:\softwaredate\jmeterdate\git_demo\PublicConfigration.jmx
2019-06-02 09:41:02,611 INFO o.a.j.s.SaveService: Loading file: D:\softwaredate\jmeterdate\git_demo\PublicConfigration.jmx
2019-06-02 09:41:02,612 INFO o.a.j.c.IncludeController: loadIncludedElements -- try to load included module: D:\softwaredate\jmeterdate\git_demo\PublicConfigration.jmx
2019-06-02 09:41:02,613 INFO o.a.j.s.SaveService: Loading file: D:\softwaredate\jmeterdate\git_demo\PublicConfigration.jmx
2019-06-02 09:41:02,615 INFO o.a.j.c.IncludeController: loadIncludedElements -- try to load included module: D:\softwaredate\jmeterdate\git_demo\PublicConfigration.jmx
2019-06-02 09:41:02,615 INFO o.a.j.s.SaveService: Loading file: D:\softwaredate\jmeterdate\git_demo\PublicConfigration.jmx
2019-06-02 09:41:02,617 INFO o.a.j.c.IncludeController: loadIncludedElements -- try to load included module: D:\softwaredate\jmeterdate\git_demo\PublicConfigration.jmx
2019-06-02 09:41:02,617 INFO o.a.j.s.SaveService: Loading file: D:\softwaredate\jmeterdate\git_demo\PublicConfigration.jmx
2019-06-02 09:41:02,618 INFO o.a.j.c.IncludeController: loadIncludedElements -- try to load included module: D:\softwaredate\jmeterdate\git_demo\PublicConfigration.jmx
2019-06-02 09:41:02,619 INFO o.a.j.s.SaveService: Loading file: D:\softwaredate\jmeterdate\git_demo\PublicConfigration.jmx
2019-06-02 09:41:02,621 INFO o.a.j.c.IncludeController: loadIncludedElements -- try to load included module: D:\softwaredate\jmeterdate\git_demo\PublicConfigration.jmx
2019-06-02 09:41:02,621 INFO o.a.j.s.SaveService: Loading file: D:\softwaredate\jmeterdate\git_demo\PublicConfigration.jmx
2019-06-02 09:41:02,623 INFO o.a.j.c.IncludeController: loadIncludedElements -- try to load included module: D:\softwaredate\jmeterdate\git_demo\PublicConfigration.jmx
2019-06-02 09:41:02,623 INFO o.a.j.s.SaveService: Loading file: D:\softwaredate\jmeterdate\git_demo\PublicConfigration.jmx
2019-06-02 09:41:02,625 INFO o.a.j.c.IncludeController: loadIncludedElements -- try to load included module: D:\softwaredate\jmeterdate\git_demo\PublicConfigration.jmx
2019-06-02 09:41:02,625 INFO o.a.j.s.SaveService: Loading file: D:\softwaredate\jmeterdate\git_demo\PublicConfigration.jmx
2019-06-02 09:41:02,628 INFO o.a.j.c.IncludeController: loadIncludedElements -- try to load included module: D:\softwaredate\jmeterdate\git_demo\PublicConfigration.jmx
2019-06-02 09:41:02,628 INFO o.a.j.s.SaveService: Loading file: D:\softwaredate\jmeterdate\git_demo\PublicConfigration.jmx
2019-06-02 09:41:02,631 INFO o.a.j.t.JMeterThread: Thread started: 性能测试_查询操作_商品分类查询 1-2
2019-06-02 09:41:02,631 INFO o.a.j.c.IncludeController: loadIncludedElements -- try to load included module: D:\softwaredate\jmeterdate\git_demo\PublicConfigration.jmx
2019-06-02 09:41:02,631 INFO o.a.j.p.h.s.HTTPHCAbstractImpl: Local host = DESKTOP-FMNU03J
2019-06-02 09:41:02,631 INFO o.a.j.s.SaveService: Loading file: D:\softwaredate\jmeterdate\git_demo\PublicConfigration.jmx
2019-06-02 09:41:02,633 INFO o.a.j.c.IncludeController: loadIncludedElements -- try to load included module: D:\softwaredate\jmeterdate\git_demo\PublicConfigration.jmx
2019-06-02 09:41:02,634 INFO o.a.j.s.SaveService: Loading file: D:\softwaredate\jmeterdate\git_demo\PublicConfigration.jmx
2019-06-02 09:41:02,636 INFO o.a.j.c.IncludeController: loadIncludedElements -- try to load included module: D:\softwaredate\jmeterdate\git_demo\PublicConfigration.jmx
2019-06-02 09:41:02,636 INFO o.a.j.s.SaveService: Loading file: D:\softwaredate\jmeterdate\git_demo\PublicConfigration.jmx
2019-06-02 09:41:02,638 INFO o.a.j.c.IncludeController: loadIncludedElements -- try to load included module: D:\softwaredate\jmeterdate\git_demo\PublicConfigration.jmx
2019-06-02 09:41:02,638 INFO o.a.j.s.SaveService: Loading file: D:\softwaredate\jmeterdate\git_demo\PublicConfigration.jmx
2019-06-02 09:41:02,640 INFO o.a.j.c.IncludeController: loadIncludedElements -- try to load included module: D:\softwaredate\jmeterdate\git_demo\PublicConfigration.jmx
2019-06-02 09:41:02,640 INFO o.a.j.s.SaveService: Loading file: D:\softwaredate\jmeterdate\git_demo\PublicConfigration.jmx
2019-06-02 09:41:02,640 INFO o.a.j.p.h.s.HTTPHC4Impl: HTTP request retry count = 0
2019-06-02 09:41:02,642 INFO o.a.j.c.IncludeController: loadIncludedElements -- try to load included module: D:\softwaredate\jmeterdate\git_demo\PublicConfigration.jmx
2019-06-02 09:41:02,642 INFO o.a.j.s.SaveService: Loading file: D:\softwaredate\jmeterdate\git_demo\PublicConfigration.jmx
2019-06-02 09:41:02,643 INFO o.a.j.c.IncludeController: loadIncludedElements -- try to load included module: D:\softwaredate\jmeterdate\git_demo\PublicConfigration.jmx
2019-06-02 09:41:02,643 INFO o.a.j.s.SaveService: Loading file: D:\softwaredate\jmeterdate\git_demo\PublicConfigration.jmx
2019-06-02 09:41:02,645 INFO o.a.j.c.IncludeController: loadIncludedElements -- try to load included module: D:\softwaredate\jmeterdate\git_demo\PublicConfigration.jmx
2019-06-02 09:41:02,645 INFO o.a.j.s.SaveService: Loading file: D:\softwaredate\jmeterdate\git_demo\PublicConfigration.jmx
2019-06-02 09:41:02,647 INFO o.a.j.c.IncludeController: loadIncludedElements -- try to load included module: D:\softwaredate\jmeterdate\git_demo\PublicConfigration.jmx
2019-06-02 09:41:02,647 INFO o.a.j.s.SaveService: Loading file: D:\softwaredate\jmeterdate\git_demo\PublicConfigration.jmx
2019-06-02 09:41:02,649 INFO o.a.j.c.IncludeController: loadIncludedElements -- try to load included module: D:\softwaredate\jmeterdate\git_demo\PublicConfigration.jmx
2019-06-02 09:41:02,649 INFO o.a.j.s.SaveService: Loading file: D:\softwaredate\jmeterdate\git_demo\PublicConfigration.jmx
2019-06-02 09:41:02,650 INFO o.a.j.c.IncludeController: loadIncludedElements -- try to load included module: D:\softwaredate\jmeterdate\git_demo\PublicConfigration.jmx
2019-06-02 09:41:02,650 INFO o.a.j.s.SaveService: Loading file: D:\softwaredate\jmeterdate\git_demo\PublicConfigration.jmx
2019-06-02 09:41:02,651 INFO o.a.j.t.JMeterThread: Thread started: 性能测试_查询操作_商品分类查询 1-3
2019-06-02 09:41:02,652 INFO o.a.j.s.SampleResult: Note: Sample TimeStamps are START times
2019-06-02 09:41:02,652 INFO o.a.j.s.SampleResult: sampleresult.default.encoding is set to UTF-8
2019-06-02 09:41:02,652 INFO o.a.j.s.SampleResult: sampleresult.useNanoTime=true
2019-06-02 09:41:02,653 INFO o.a.j.c.IncludeController: loadIncludedElements -- try to load included module: D:\softwaredate\jmeterdate\git_demo\PublicConfigration.jmx
2019-06-02 09:41:02,653 INFO o.a.j.s.SampleResult: sampleresult.nanoThreadSleep=5000
2019-06-02 09:41:02,653 INFO o.a.j.s.SaveService: Loading file: D:\softwaredate\jmeterdate\git_demo\PublicConfigration.jmx
2019-06-02 09:41:02,654 INFO o.a.j.c.IncludeController: loadIncludedElements -- try to load included module: D:\softwaredate\jmeterdate\git_demo\PublicConfigration.jmx
2019-06-02 09:41:02,654 INFO o.a.j.s.SaveService: Loading file: D:\softwaredate\jmeterdate\git_demo\PublicConfigration.jmx
2019-06-02 09:41:02,656 INFO o.a.j.c.IncludeController: loadIncludedElements -- try to load included module: D:\softwaredate\jmeterdate\git_demo\PublicConfigration.jmx
2019-06-02 09:41:02,657 INFO o.a.j.s.SaveService: Loading file: D:\softwaredate\jmeterdate\git_demo\PublicConfigration.jmx
2019-06-02 09:41:02,659 INFO o.a.j.c.IncludeController: loadIncludedElements -- try to load included module: D:\softwaredate\jmeterdate\git_demo\PublicConfigration.jmx
2019-06-02 09:41:02,659 INFO o.a.j.s.SaveService: Loading file: D:\softwaredate\jmeterdate\git_demo\PublicConfigration.jmx
2019-06-02 09:41:02,660 INFO o.a.j.c.IncludeController: loadIncludedElements -- try to load included module: D:\softwaredate\jmeterdate\git_demo\PublicConfigration.jmx
2019-06-02 09:41:02,660 INFO o.a.j.s.SaveService: Loading file: D:\softwaredate\jmeterdate\git_demo\PublicConfigration.jmx
2019-06-02 09:41:02,662 INFO o.a.j.c.IncludeController: loadIncludedElements -- try to load included module: D:\softwaredate\jmeterdate\git_demo\PublicConfigration.jmx
2019-06-02 09:41:02,662 INFO o.a.j.s.SaveService: Loading file: D:\softwaredate\jmeterdate\git_demo\PublicConfigration.jmx
2019-06-02 09:41:02,663 INFO o.a.j.c.IncludeController: loadIncludedElements -- try to load included module: D:\softwaredate\jmeterdate\git_demo\PublicConfigration.jmx
2019-06-02 09:41:02,663 INFO o.a.j.s.SaveService: Loading file: D:\softwaredate\jmeterdate\git_demo\PublicConfigration.jmx
2019-06-02 09:41:02,664 INFO o.a.j.c.IncludeController: loadIncludedElements -- try to load included module: D:\softwaredate\jmeterdate\git_demo\PublicConfigration.jmx
2019-06-02 09:41:02,665 INFO o.a.j.s.SaveService: Loading file: D:\softwaredate\jmeterdate\git_demo\PublicConfigration.jmx
2019-06-02 09:41:02,666 INFO o.a.j.c.IncludeController: loadIncludedElements -- try to load included module: D:\softwaredate\jmeterdate\git_demo\PublicConfigration.jmx
2019-06-02 09:41:02,666 INFO o.a.j.s.SaveService: Loading file: D:\softwaredate\jmeterdate\git_demo\PublicConfigration.jmx
2019-06-02 09:41:02,668 INFO o.a.j.c.IncludeController: loadIncludedElements -- try to load included module: D:\softwaredate\jmeterdate\git_demo\PublicConfigration.jmx
2019-06-02 09:41:02,668 INFO o.a.j.s.SaveService: Loading file: D:\softwaredate\jmeterdate\git_demo\PublicConfigration.jmx
2019-06-02 09:41:02,670 INFO o.a.j.c.IncludeController: loadIncludedElements -- try to load included module: D:\softwaredate\jmeterdate\git_demo\PublicConfigration.jmx
2019-06-02 09:41:02,670 INFO o.a.j.s.SaveService: Loading file: D:\softwaredate\jmeterdate\git_demo\PublicConfigration.jmx
2019-06-02 09:41:02,672 INFO o.a.j.t.JMeterThread: Thread started: 性能测试_查询操作_商品分类查询 1-4
2019-06-02 09:41:02,673 INFO o.a.j.c.IncludeController: loadIncludedElements -- try to load included module: D:\softwaredate\jmeterdate\git_demo\PublicConfigration.jmx
2019-06-02 09:41:02,673 INFO o.a.j.s.SaveService: Loading file: D:\softwaredate\jmeterdate\git_demo\PublicConfigration.jmx
2019-06-02 09:41:02,675 INFO o.a.j.c.IncludeController: loadIncludedElements -- try to load included module: D:\softwaredate\jmeterdate\git_demo\PublicConfigration.jmx
2019-06-02 09:41:02,675 INFO o.a.j.s.SaveService: Loading file: D:\softwaredate\jmeterdate\git_demo\PublicConfigration.jmx
2019-06-02 09:41:02,676 INFO o.a.j.c.IncludeController: loadIncludedElements -- try to load included module: D:\softwaredate\jmeterdate\git_demo\PublicConfigration.jmx
2019-06-02 09:41:02,676 INFO o.a.j.s.SaveService: Loading file: D:\softwaredate\jmeterdate\git_demo\PublicConfigration.jmx
2019-06-02 09:41:02,678 INFO o.a.j.c.IncludeController: loadIncludedElements -- try to load included module: D:\softwaredate\jmeterdate\git_demo\PublicConfigration.jmx
2019-06-02 09:41:02,678 INFO o.a.j.s.SaveService: Loading file: D:\softwaredate\jmeterdate\git_demo\PublicConfigration.jmx
2019-06-02 09:41:02,680 INFO o.a.j.c.IncludeController: loadIncludedElements -- try to load included module: D:\softwaredate\jmeterdate\git_demo\PublicConfigration.jmx
2019-06-02 09:41:02,680 INFO o.a.j.s.SaveService: Loading file: D:\softwaredate\jmeterdate\git_demo\PublicConfigration.jmx
2019-06-02 09:41:02,681 INFO o.a.j.c.IncludeController: loadIncludedElements -- try to load included module: D:\softwaredate\jmeterdate\git_demo\PublicConfigration.jmx
2019-06-02 09:41:02,682 INFO o.a.j.s.SaveService: Loading file: D:\softwaredate\jmeterdate\git_demo\PublicConfigration.jmx
2019-06-02 09:41:02,683 INFO o.a.j.c.IncludeController: loadIncludedElements -- try to load included module: D:\softwaredate\jmeterdate\git_demo\PublicConfigration.jmx
2019-06-02 09:41:02,683 INFO o.a.j.s.SaveService: Loading file: D:\softwaredate\jmeterdate\git_demo\PublicConfigration.jmx
2019-06-02 09:41:02,685 INFO o.a.j.c.IncludeController: loadIncludedElements -- try to load included module: D:\softwaredate\jmeterdate\git_demo\PublicConfigration.jmx
2019-06-02 09:41:02,685 INFO o.a.j.s.SaveService: Loading file: D:\softwaredate\jmeterdate\git_demo\PublicConfigration.jmx
2019-06-02 09:41:02,686 INFO o.a.j.c.IncludeController: loadIncludedElements -- try to load included module: D:\softwaredate\jmeterdate\git_demo\PublicConfigration.jmx
2019-06-02 09:41:02,686 INFO o.a.j.s.SaveService: Loading file: D:\softwaredate\jmeterdate\git_demo\PublicConfigration.jmx
2019-06-02 09:41:02,688 INFO o.a.j.c.IncludeController: loadIncludedElements -- try to load included module: D:\softwaredate\jmeterdate\git_demo\PublicConfigration.jmx
2019-06-02 09:41:02,688 INFO o.a.j.s.SaveService: Loading file: D:\softwaredate\jmeterdate\git_demo\PublicConfigration.jmx
2019-06-02 09:41:02,690 INFO o.a.j.c.IncludeController: loadIncludedElements -- try to load included module: D:\softwaredate\jmeterdate\git_demo\PublicConfigration.jmx
2019-06-02 09:41:02,690 INFO o.a.j.s.SaveService: Loading file: D:\softwaredate\jmeterdate\git_demo\PublicConfigration.jmx
2019-06-02 09:41:02,692 INFO o.a.j.c.IncludeController: loadIncludedElements -- try to load included module: D:\softwaredate\jmeterdate\git_demo\PublicConfigration.jmx
2019-06-02 09:41:02,692 INFO o.a.j.s.SaveService: Loading file: D:\softwaredate\jmeterdate\git_demo\PublicConfigration.jmx
2019-06-02 09:41:02,693 INFO o.a.j.c.IncludeController: loadIncludedElements -- try to load included module: D:\softwaredate\jmeterdate\git_demo\PublicConfigration.jmx
2019-06-02 09:41:02,693 INFO o.a.j.s.SaveService: Loading file: D:\softwaredate\jmeterdate\git_demo\PublicConfigration.jmx
2019-06-02 09:41:02,694 INFO o.a.j.t.JMeterThread: Thread started: 性能测试_查询操作_商品分类查询 1-5
2019-06-02 09:41:02,695 INFO o.a.j.c.IncludeController: loadIncludedElements -- try to load included module: D:\softwaredate\jmeterdate\git_demo\PublicConfigration.jmx
2019-06-02 09:41:02,695 INFO o.a.j.s.SaveService: Loading file: D:\softwaredate\jmeterdate\git_demo\PublicConfigration.jmx
2019-06-02 09:41:02,697 INFO o.a.j.c.IncludeController: loadIncludedElements -- try to load included module: D:\softwaredate\jmeterdate\git_demo\PublicConfigration.jmx
2019-06-02 09:41:02,697 INFO o.a.j.s.SaveService: Loading file: D:\softwaredate\jmeterdate\git_demo\PublicConfigration.jmx
2019-06-02 09:41:02,698 INFO o.a.j.t.ThreadGroup: Started thread group number 1
2019-06-02 09:41:02,699 INFO o.a.j.e.StandardJMeterEngine: All thread groups have been started
2019-06-02 09:41:02,716 INFO o.a.j.t.JMeterThread: Thread started: 性能测试_查询操作_商品分类查询 1-6
2019-06-02 09:41:02,738 INFO o.a.j.t.JMeterThread: Thread started: 性能测试_查询操作_商品分类查询 1-7
2019-06-02 09:41:02,760 INFO o.a.j.t.JMeterThread: Thread started: 性能测试_查询操作_商品分类查询 1-8
2019-06-02 09:41:02,782 INFO o.a.j.t.JMeterThread: Thread started: 性能测试_查询操作_商品分类查询 1-9
2019-06-02 09:41:02,791 INFO o.a.j.r.Summariser: summary +      1 in 00:00:00 =    4.5/s Avg:    88 Min:    88 Max:    88 Err:     0 (0.00%) Active: 9 Started: 9 Finished: 0
2019-06-02 09:41:02,804 INFO o.a.j.t.JMeterThread: Thread started: 性能测试_查询操作_商品分类查询 1-10
2019-06-02 09:41:02,826 INFO o.a.j.t.JMeterThread: Thread started: 性能测试_查询操作_商品分类查询 1-11
2019-06-02 09:41:02,833 INFO o.a.j.t.JMeterThread: Thread is done: 性能测试_查询操作_商品分类查询 1-5
2019-06-02 09:41:02,833 INFO o.a.j.t.JMeterThread: Thread finished: 性能测试_查询操作_商品分类查询 1-5
2019-06-02 09:41:02,837 INFO o.a.j.t.JMeterThread: Thread is done: 性能测试_查询操作_商品分类查询 1-8
2019-06-02 09:41:02,837 INFO o.a.j.t.JMeterThread: Thread finished: 性能测试_查询操作_商品分类查询 1-8
2019-06-02 09:41:02,840 INFO o.a.j.t.JMeterThread: Thread is done: 性能测试_查询操作_商品分类查询 1-7
2019-06-02 09:41:02,840 INFO o.a.j.t.JMeterThread: Thread is done: 性能测试_查询操作_商品分类查询 1-3
2019-06-02 09:41:02,841 INFO o.a.j.t.JMeterThread: Thread finished: 性能测试_查询操作_商品分类查询 1-7
2019-06-02 09:41:02,841 INFO o.a.j.t.JMeterThread: Thread finished: 性能测试_查询操作_商品分类查询 1-3
2019-06-02 09:41:02,842 INFO o.a.j.t.JMeterThread: Thread is done: 性能测试_查询操作_商品分类查询 1-4
2019-06-02 09:41:02,842 INFO o.a.j.t.JMeterThread: Thread is done: 性能测试_查询操作_商品分类查询 1-6
2019-06-02 09:41:02,842 INFO o.a.j.t.JMeterThread: Thread finished: 性能测试_查询操作_商品分类查询 1-4
2019-06-02 09:41:02,842 INFO o.a.j.t.JMeterThread: Thread finished: 性能测试_查询操作_商品分类查询 1-6
2019-06-02 09:41:02,845 INFO o.a.j.t.JMeterThread: Thread is done: 性能测试_查询操作_商品分类查询 1-2
2019-06-02 09:41:02,845 INFO o.a.j.t.JMeterThread: Thread finished: 性能测试_查询操作_商品分类查询 1-2
2019-06-02 09:41:02,849 INFO o.a.j.t.JMeterThread: Thread started: 性能测试_查询操作_商品分类查询 1-12
2019-06-02 09:41:02,850 INFO o.a.j.t.JMeterThread: Thread is done: 性能测试_查询操作_商品分类查询 1-1
2019-06-02 09:41:02,850 INFO o.a.j.t.JMeterThread: Thread finished: 性能测试_查询操作_商品分类查询 1-1
2019-06-02 09:41:02,851 INFO o.a.j.t.JMeterThread: Thread is done: 性能测试_查询操作_商品分类查询 1-9
2019-06-02 09:41:02,851 INFO o.a.j.t.JMeterThread: Thread finished: 性能测试_查询操作_商品分类查询 1-9
2019-06-02 09:41:02,864 INFO o.a.j.t.JMeterThread: Thread is done: 性能测试_查询操作_商品分类查询 1-10
2019-06-02 09:41:02,864 INFO o.a.j.t.JMeterThread: Thread finished: 性能测试_查询操作_商品分类查询 1-10
2019-06-02 09:41:02,869 INFO o.a.j.t.JMeterThread: Thread is done: 性能测试_查询操作_商品分类查询 1-11
2019-06-02 09:41:02,869 INFO o.a.j.t.JMeterThread: Thread finished: 性能测试_查询操作_商品分类查询 1-11
2019-06-02 09:41:02,872 INFO o.a.j.t.JMeterThread: Thread started: 性能测试_查询操作_商品分类查询 1-13
2019-06-02 09:41:02,879 INFO o.a.j.t.JMeterThread: Thread is done: 性能测试_查询操作_商品分类查询 1-12
2019-06-02 09:41:02,879 INFO o.a.j.t.JMeterThread: Thread finished: 性能测试_查询操作_商品分类查询 1-12
2019-06-02 09:41:02,894 INFO o.a.j.t.JMeterThread: Thread started: 性能测试_查询操作_商品分类查询 1-14
2019-06-02 09:41:02,901 INFO o.a.j.t.JMeterThread: Thread is done: 性能测试_查询操作_商品分类查询 1-13
2019-06-02 09:41:02,901 INFO o.a.j.t.JMeterThread: Thread finished: 性能测试_查询操作_商品分类查询 1-13
2019-06-02 09:41:02,916 INFO o.a.j.t.JMeterThread: Thread started: 性能测试_查询操作_商品分类查询 1-15
2019-06-02 09:41:02,932 INFO o.a.j.t.JMeterThread: Thread is done: 性能测试_查询操作_商品分类查询 1-14
2019-06-02 09:41:02,932 INFO o.a.j.t.JMeterThread: Thread finished: 性能测试_查询操作_商品分类查询 1-14
2019-06-02 09:41:02,938 INFO o.a.j.t.JMeterThread: Thread started: 性能测试_查询操作_商品分类查询 1-16
2019-06-02 09:41:02,961 INFO o.a.j.t.JMeterThread: Thread started: 性能测试_查询操作_商品分类查询 1-17
2019-06-02 09:41:02,963 INFO o.a.j.t.JMeterThread: Thread is done: 性能测试_查询操作_商品分类查询 1-15
2019-06-02 09:41:02,963 INFO o.a.j.t.JMeterThread: Thread finished: 性能测试_查询操作_商品分类查询 1-15
2019-06-02 09:41:02,984 INFO o.a.j.t.JMeterThread: Thread started: 性能测试_查询操作_商品分类查询 1-18
2019-06-02 09:41:02,989 INFO o.a.j.t.JMeterThread: Thread is done: 性能测试_查询操作_商品分类查询 1-16
2019-06-02 09:41:02,989 INFO o.a.j.t.JMeterThread: Thread finished: 性能测试_查询操作_商品分类查询 1-16
2019-06-02 09:41:03,004 INFO o.a.j.t.JMeterThread: Thread started: 性能测试_查询操作_商品分类查询 1-19
2019-06-02 09:41:03,014 INFO o.a.j.t.JMeterThread: Thread is done: 性能测试_查询操作_商品分类查询 1-17
2019-06-02 09:41:03,014 INFO o.a.j.t.JMeterThread: Thread finished: 性能测试_查询操作_商品分类查询 1-17
2019-06-02 09:41:03,026 INFO o.a.j.t.JMeterThread: Thread started: 性能测试_查询操作_商品分类查询 1-20
2019-06-02 09:41:03,035 INFO o.a.j.t.JMeterThread: Thread is done: 性能测试_查询操作_商品分类查询 1-18
2019-06-02 09:41:03,035 INFO o.a.j.t.JMeterThread: Thread finished: 性能测试_查询操作_商品分类查询 1-18
2019-06-02 09:41:03,048 INFO o.a.j.t.JMeterThread: Thread started: 性能测试_查询操作_商品分类查询 1-21
2019-06-02 09:41:03,050 INFO o.a.j.t.JMeterThread: Thread is done: 性能测试_查询操作_商品分类查询 1-19
2019-06-02 09:41:03,050 INFO o.a.j.t.JMeterThread: Thread finished: 性能测试_查询操作_商品分类查询 1-19
2019-06-02 09:41:03,064 INFO o.a.j.t.JMeterThread: Thread is done: 性能测试_查询操作_商品分类查询 1-20
2019-06-02 09:41:03,064 INFO o.a.j.t.JMeterThread: Thread finished: 性能测试_查询操作_商品分类查询 1-20
2019-06-02 09:41:03,070 INFO o.a.j.t.JMeterThread: Thread started: 性能测试_查询操作_商品分类查询 1-22
2019-06-02 09:41:03,086 INFO o.a.j.t.JMeterThread: Thread is done: 性能测试_查询操作_商品分类查询 1-21
2019-06-02 09:41:03,086 INFO o.a.j.t.JMeterThread: Thread finished: 性能测试_查询操作_商品分类查询 1-21
2019-06-02 09:41:03,091 INFO o.a.j.t.JMeterThread: Thread started: 性能测试_查询操作_商品分类查询 1-23
2019-06-02 09:41:03,106 INFO o.a.j.t.JMeterThread: Thread is done: 性能测试_查询操作_商品分类查询 1-22
2019-06-02 09:41:03,106 INFO o.a.j.t.JMeterThread: Thread finished: 性能测试_查询操作_商品分类查询 1-22
2019-06-02 09:41:03,113 INFO o.a.j.t.JMeterThread: Thread started: 性能测试_查询操作_商品分类查询 1-24
2019-06-02 09:41:03,125 INFO o.a.j.t.JMeterThread: Thread is done: 性能测试_查询操作_商品分类查询 1-23
2019-06-02 09:41:03,126 INFO o.a.j.t.JMeterThread: Thread finished: 性能测试_查询操作_商品分类查询 1-23
2019-06-02 09:41:03,135 INFO o.a.j.t.JMeterThread: Thread started: 性能测试_查询操作_商品分类查询 1-25
2019-06-02 09:41:03,146 INFO o.a.j.t.JMeterThread: Thread is done: 性能测试_查询操作_商品分类查询 1-24
2019-06-02 09:41:03,147 INFO o.a.j.t.JMeterThread: Thread finished: 性能测试_查询操作_商品分类查询 1-24
2019-06-02 09:41:03,158 INFO o.a.j.t.JMeterThread: Thread started: 性能测试_查询操作_商品分类查询 1-26
2019-06-02 09:41:03,167 INFO o.a.j.t.JMeterThread: Thread is done: 性能测试_查询操作_商品分类查询 1-25
2019-06-02 09:41:03,167 INFO o.a.j.t.JMeterThread: Thread finished: 性能测试_查询操作_商品分类查询 1-25
2019-06-02 09:41:03,180 INFO o.a.j.t.JMeterThread: Thread started: 性能测试_查询操作_商品分类查询 1-27
2019-06-02 09:41:03,190 INFO o.a.j.t.JMeterThread: Thread is done: 性能测试_查询操作_商品分类查询 1-26
2019-06-02 09:41:03,190 INFO o.a.j.t.JMeterThread: Thread finished: 性能测试_查询操作_商品分类查询 1-26
2019-06-02 09:41:03,201 INFO o.a.j.t.JMeterThread: Thread started: 性能测试_查询操作_商品分类查询 1-28
2019-06-02 09:41:03,221 INFO o.a.j.t.JMeterThread: Thread is done: 性能测试_查询操作_商品分类查询 1-27
2019-06-02 09:41:03,221 INFO o.a.j.t.JMeterThread: Thread finished: 性能测试_查询操作_商品分类查询 1-27
2019-06-02 09:41:03,223 INFO o.a.j.t.JMeterThread: Thread started: 性能测试_查询操作_商品分类查询 1-29
2019-06-02 09:41:03,243 INFO o.a.j.t.JMeterThread: Thread started: 性能测试_查询操作_商品分类查询 1-30
2019-06-02 09:41:03,251 INFO o.a.j.t.JMeterThread: Thread is done: 性能测试_查询操作_商品分类查询 1-28
2019-06-02 09:41:03,251 INFO o.a.j.t.JMeterThread: Thread finished: 性能测试_查询操作_商品分类查询 1-28
2019-06-02 09:41:03,265 INFO o.a.j.t.JMeterThread: Thread started: 性能测试_查询操作_商品分类查询 1-31
2019-06-02 09:41:03,269 INFO o.a.j.t.JMeterThread: Thread is done: 性能测试_查询操作_商品分类查询 1-29
2019-06-02 09:41:03,269 INFO o.a.j.t.JMeterThread: Thread finished: 性能测试_查询操作_商品分类查询 1-29
2019-06-02 09:41:03,282 INFO o.a.j.t.JMeterThread: Thread is done: 性能测试_查询操作_商品分类查询 1-30
2019-06-02 09:41:03,282 INFO o.a.j.t.JMeterThread: Thread finished: 性能测试_查询操作_商品分类查询 1-30
2019-06-02 09:41:03,286 INFO o.a.j.t.JMeterThread: Thread started: 性能测试_查询操作_商品分类查询 1-32
2019-06-02 09:41:03,298 INFO o.a.j.t.JMeterThread: Thread is done: 性能测试_查询操作_商品分类查询 1-31
2019-06-02 09:41:03,298 INFO o.a.j.t.JMeterThread: Thread finished: 性能测试_查询操作_商品分类查询 1-31
2019-06-02 09:41:03,309 INFO o.a.j.t.JMeterThread: Thread started: 性能测试_查询操作_商品分类查询 1-33
2019-06-02 09:41:03,319 INFO o.a.j.t.JMeterThread: Thread is done: 性能测试_查询操作_商品分类查询 1-32
2019-06-02 09:41:03,319 INFO o.a.j.t.JMeterThread: Thread finished: 性能测试_查询操作_商品分类查询 1-32
2019-06-02 09:41:03,330 INFO o.a.j.t.JMeterThread: Thread started: 性能测试_查询操作_商品分类查询 1-34
2019-06-02 09:41:03,343 INFO o.a.j.t.JMeterThread: Thread is done: 性能测试_查询操作_商品分类查询 1-33
2019-06-02 09:41:03,343 INFO o.a.j.t.JMeterThread: Thread finished: 性能测试_查询操作_商品分类查询 1-33
2019-06-02 09:41:03,354 INFO o.a.j.t.JMeterThread: Thread started: 性能测试_查询操作_商品分类查询 1-35
2019-06-02 09:41:03,363 INFO o.a.j.t.JMeterThread: Thread is done: 性能测试_查询操作_商品分类查询 1-34
2019-06-02 09:41:03,363 INFO o.a.j.t.JMeterThread: Thread finished: 性能测试_查询操作_商品分类查询 1-34
2019-06-02 09:41:03,375 INFO o.a.j.t.JMeterThread: Thread started: 性能测试_查询操作_商品分类查询 1-36
2019-06-02 09:41:03,386 INFO o.a.j.t.JMeterThread: Thread is done: 性能测试_查询操作_商品分类查询 1-35
2019-06-02 09:41:03,386 INFO o.a.j.t.JMeterThread: Thread finished: 性能测试_查询操作_商品分类查询 1-35
2019-06-02 09:41:03,397 INFO o.a.j.t.JMeterThread: Thread started: 性能测试_查询操作_商品分类查询 1-37
2019-06-02 09:41:03,407 INFO o.a.j.t.JMeterThread: Thread is done: 性能测试_查询操作_商品分类查询 1-36
2019-06-02 09:41:03,408 INFO o.a.j.t.JMeterThread: Thread finished: 性能测试_查询操作_商品分类查询 1-36
2019-06-02 09:41:03,418 INFO o.a.j.t.JMeterThread: Thread started: 性能测试_查询操作_商品分类查询 1-38
2019-06-02 09:41:03,432 INFO o.a.j.t.JMeterThread: Thread is done: 性能测试_查询操作_商品分类查询 1-37
2019-06-02 09:41:03,432 INFO o.a.j.t.JMeterThread: Thread finished: 性能测试_查询操作_商品分类查询 1-37
2019-06-02 09:41:03,442 INFO o.a.j.t.JMeterThread: Thread started: 性能测试_查询操作_商品分类查询 1-39
2019-06-02 09:41:03,448 INFO o.a.j.t.JMeterThread: Thread is done: 性能测试_查询操作_商品分类查询 1-38
2019-06-02 09:41:03,448 INFO o.a.j.t.JMeterThread: Thread finished: 性能测试_查询操作_商品分类查询 1-38
2019-06-02 09:41:03,463 INFO o.a.j.t.JMeterThread: Thread started: 性能测试_查询操作_商品分类查询 1-40
2019-06-02 09:41:03,471 INFO o.a.j.t.JMeterThread: Thread is done: 性能测试_查询操作_商品分类查询 1-39
2019-06-02 09:41:03,471 INFO o.a.j.t.JMeterThread: Thread finished: 性能测试_查询操作_商品分类查询 1-39
2019-06-02 09:41:03,485 INFO o.a.j.t.JMeterThread: Thread started: 性能测试_查询操作_商品分类查询 1-41
2019-06-02 09:41:03,503 INFO o.a.j.t.JMeterThread: Thread is done: 性能测试_查询操作_商品分类查询 1-40
2019-06-02 09:41:03,503 INFO o.a.j.t.JMeterThread: Thread finished: 性能测试_查询操作_商品分类查询 1-40
2019-06-02 09:41:03,506 INFO o.a.j.t.JMeterThread: Thread started: 性能测试_查询操作_商品分类查询 1-42
2019-06-02 09:41:03,525 INFO o.a.j.t.JMeterThread: Thread is done: 性能测试_查询操作_商品分类查询 1-41
2019-06-02 09:41:03,525 INFO o.a.j.t.JMeterThread: Thread finished: 性能测试_查询操作_商品分类查询 1-41
2019-06-02 09:41:03,528 INFO o.a.j.t.JMeterThread: Thread started: 性能测试_查询操作_商品分类查询 1-43
2019-06-02 09:41:03,540 INFO o.a.j.t.JMeterThread: Thread is done: 性能测试_查询操作_商品分类查询 1-42
2019-06-02 09:41:03,541 INFO o.a.j.t.JMeterThread: Thread finished: 性能测试_查询操作_商品分类查询 1-42
2019-06-02 09:41:03,549 INFO o.a.j.t.JMeterThread: Thread started: 性能测试_查询操作_商品分类查询 1-44
2019-06-02 09:41:03,568 INFO o.a.j.t.JMeterThread: Thread is done: 性能测试_查询操作_商品分类查询 1-43
2019-06-02 09:41:03,569 INFO o.a.j.t.JMeterThread: Thread finished: 性能测试_查询操作_商品分类查询 1-43
2019-06-02 09:41:03,571 INFO o.a.j.t.JMeterThread: Thread started: 性能测试_查询操作_商品分类查询 1-45
2019-06-02 09:41:03,592 INFO o.a.j.t.JMeterThread: Thread is done: 性能测试_查询操作_商品分类查询 1-44
2019-06-02 09:41:03,592 INFO o.a.j.t.JMeterThread: Thread finished: 性能测试_查询操作_商品分类查询 1-44
2019-06-02 09:41:03,593 INFO o.a.j.t.JMeterThread: Thread started: 性能测试_查询操作_商品分类查询 1-46
2019-06-02 09:41:03,613 INFO o.a.j.t.JMeterThread: Thread is done: 性能测试_查询操作_商品分类查询 1-45
2019-06-02 09:41:03,613 INFO o.a.j.t.JMeterThread: Thread finished: 性能测试_查询操作_商品分类查询 1-45
2019-06-02 09:41:03,614 INFO o.a.j.t.JMeterThread: Thread started: 性能测试_查询操作_商品分类查询 1-47
2019-06-02 09:41:03,631 INFO o.a.j.t.JMeterThread: Thread is done: 性能测试_查询操作_商品分类查询 1-46
2019-06-02 09:41:03,631 INFO o.a.j.t.JMeterThread: Thread finished: 性能测试_查询操作_商品分类查询 1-46
2019-06-02 09:41:03,635 INFO o.a.j.t.JMeterThread: Thread started: 性能测试_查询操作_商品分类查询 1-48
2019-06-02 09:41:03,652 INFO o.a.j.t.JMeterThread: Thread is done: 性能测试_查询操作_商品分类查询 1-47
2019-06-02 09:41:03,652 INFO o.a.j.t.JMeterThread: Thread finished: 性能测试_查询操作_商品分类查询 1-47
2019-06-02 09:41:03,657 INFO o.a.j.t.JMeterThread: Thread started: 性能测试_查询操作_商品分类查询 1-49
2019-06-02 09:41:03,679 INFO o.a.j.t.JMeterThread: Thread started: 性能测试_查询操作_商品分类查询 1-50
2019-06-02 09:41:03,681 INFO o.a.j.t.JMeterThread: Thread is done: 性能测试_查询操作_商品分类查询 1-48
2019-06-02 09:41:03,681 INFO o.a.j.t.JMeterThread: Thread finished: 性能测试_查询操作_商品分类查询 1-48
2019-06-02 09:41:03,701 INFO o.a.j.t.JMeterThread: Thread is done: 性能测试_查询操作_商品分类查询 1-49
2019-06-02 09:41:03,701 INFO o.a.j.t.JMeterThread: Thread finished: 性能测试_查询操作_商品分类查询 1-49
2019-06-02 09:41:03,723 INFO o.a.j.t.JMeterThread: Thread is done: 性能测试_查询操作_商品分类查询 1-50
2019-06-02 09:41:03,723 INFO o.a.j.t.JMeterThread: Thread finished: 性能测试_查询操作_商品分类查询 1-50
2019-06-02 09:41:03,724 INFO o.a.j.e.StandardJMeterEngine: Notifying test listeners of end of test
2019-06-02 09:41:03,730 INFO o.a.j.r.Summariser: summary +    149 in 00:00:01 =  158.7/s Avg:    16 Min:     6 Max:    99 Err:     0 (0.00%) Active: 0 Started: 50 Finished: 50
2019-06-02 09:41:03,731 INFO o.a.j.r.Summariser: summary =    150 in 00:00:01 =  128.8/s Avg:    17 Min:     6 Max:    99 Err:     0 (0.00%)
2019-06-02 09:41:03,732 INFO o.a.j.JMeter: Generating Dashboard
2019-06-02 09:41:03,732 INFO o.a.j.r.d.ReportGenerator: Flushing result collector before report Generation
2019-06-02 09:41:03,748 INFO o.a.j.r.p.NormalizerSampleConsumer: Using format, 'ms', to parse timeStamp field
2019-06-02 09:41:04,065 INFO o.a.j.r.p.AbstractSampleConsumer: class org.apache.jmeter.report.processor.AggregateConsumer#stopProducing(): beginDate produced 0 samples
2019-06-02 09:41:04,065 INFO o.a.j.r.p.AbstractSampleConsumer: class org.apache.jmeter.report.processor.AggregateConsumer#stopProducing(): endDate produced 0 samples
2019-06-02 09:41:04,067 INFO o.a.j.r.p.AbstractSampleConsumer: class org.apache.jmeter.report.processor.ApdexSummaryConsumer#stopProducing(): apdexSummary produced 0 samples
2019-06-02 09:41:04,067 INFO o.a.j.r.p.AbstractSampleConsumer: class org.apache.jmeter.report.processor.RequestsSummaryConsumer#stopProducing(): requestsSummary produced 0 samples
2019-06-02 09:41:04,072 INFO o.a.j.r.p.AbstractSampleConsumer: class org.apache.jmeter.report.processor.StatisticsSummaryConsumer#stopProducing(): statisticsSummary produced 0 samples
2019-06-02 09:41:04,077 INFO o.a.j.r.p.AbstractSampleConsumer: class org.apache.jmeter.report.processor.Top5ErrorsBySamplerConsumer#stopProducing(): top5ErrorsBySampler produced 0 samples
2019-06-02 09:41:04,077 INFO o.a.j.r.p.AbstractSampleConsumer: class org.apache.jmeter.report.processor.ErrorsSummaryConsumer#stopProducing(): errorsSummary produced 0 samples
2019-06-02 09:41:04,077 INFO o.a.j.r.p.AbstractSampleConsumer: class org.apache.jmeter.report.processor.graph.impl.HitsPerSecondGraphConsumer#stopProducing(): hitsPerSecond produced 0 samples
2019-06-02 09:41:04,102 INFO o.a.j.r.p.AbstractSampleConsumer: class org.apache.jmeter.report.processor.graph.impl.LatencyVSRequestGraphConsumer#stopProducing(): latencyVsRequest produced 0 samples
2019-06-02 09:41:04,103 INFO o.a.j.r.p.AbstractSampleConsumer: class org.apache.jmeter.report.processor.graph.impl.SyntheticResponseTimeDistributionGraphConsumer#stopProducing(): syntheticResponseTimeDistribution produced 0 samples
2019-06-02 09:41:04,103 INFO o.a.j.r.p.AbstractSampleConsumer: class org.apache.jmeter.report.processor.graph.impl.BytesThroughputGraphConsumer#stopProducing(): bytesThroughputOverTime produced 0 samples
2019-06-02 09:41:04,103 INFO o.a.j.r.p.AbstractSampleConsumer: class org.apache.jmeter.report.processor.graph.impl.CodesPerSecondGraphConsumer#stopProducing(): codesPerSecond produced 0 samples
2019-06-02 09:41:04,117 INFO o.a.j.r.p.AbstractSampleConsumer: class org.apache.jmeter.report.processor.graph.impl.ResponseTimeVSRequestGraphConsumer#stopProducing(): responseTimeVsRequest produced 0 samples
2019-06-02 09:41:04,117 INFO o.a.j.r.p.AbstractSampleConsumer: class org.apache.jmeter.report.processor.FilterConsumer#stopProducing(): startIntervalControlerFilter produced 1050 samples
2019-06-02 09:41:04,117 INFO o.a.j.r.p.AbstractSampleConsumer: class org.apache.jmeter.report.processor.graph.impl.ActiveThreadsGraphConsumer#stopProducing(): activeThreadsOverTime produced 0 samples
2019-06-02 09:41:04,117 INFO o.a.j.r.p.AbstractSampleConsumer: class org.apache.jmeter.report.processor.graph.impl.TimeVSThreadGraphConsumer#stopProducing(): timeVsThreads produced 0 samples
2019-06-02 09:41:04,118 INFO o.a.j.r.p.AbstractSampleConsumer: class org.apache.jmeter.report.processor.graph.impl.ResponseTimeDistributionGraphConsumer#stopProducing(): responseTimeDistribution produced 0 samples
2019-06-02 09:41:04,118 INFO o.a.j.r.p.AbstractSampleConsumer: class org.apache.jmeter.report.processor.graph.impl.TransactionsPerSecondGraphConsumer#stopProducing(): transactionsPerSecond produced 0 samples
2019-06-02 09:41:04,118 INFO o.a.j.r.p.AbstractSampleConsumer: class org.apache.jmeter.report.processor.graph.impl.ResponseTimePercentilesGraphConsumer#stopProducing(): responseTimePercentiles produced 0 samples
2019-06-02 09:41:04,119 INFO o.a.j.r.p.AbstractSampleConsumer: class org.apache.jmeter.report.processor.graph.impl.ResponseTimePercentilesOverTimeGraphConsumer#stopProducing(): responseTimePercentilesOverTime produced 0 samples
2019-06-02 09:41:04,119 INFO o.a.j.r.p.AbstractSampleConsumer: class org.apache.jmeter.report.processor.graph.impl.ResponseTimeOverTimeGraphConsumer#stopProducing(): responseTimesOverTime produced 0 samples
2019-06-02 09:41:04,119 INFO o.a.j.r.p.AbstractSampleConsumer: class org.apache.jmeter.report.processor.graph.impl.ConnectTimeOverTimeGraphConsumer#stopProducing(): connectTimeOverTime produced 0 samples
2019-06-02 09:41:04,119 INFO o.a.j.r.p.AbstractSampleConsumer: class org.apache.jmeter.report.processor.graph.impl.LatencyOverTimeGraphConsumer#stopProducing(): latenciesOverTime produced 0 samples
2019-06-02 09:41:04,120 INFO o.a.j.r.p.AbstractSampleConsumer: class org.apache.jmeter.report.processor.FilterConsumer#stopProducing(): nameFilter produced 2100 samples
2019-06-02 09:41:04,120 INFO o.a.j.r.p.AbstractSampleConsumer: class org.apache.jmeter.report.processor.FilterConsumer#stopProducing(): dateRangeFilter produced 450 samples
2019-06-02 09:41:04,120 INFO o.a.j.r.p.AbstractSampleConsumer: class org.apache.jmeter.report.processor.NormalizerSampleConsumer#stopProducing(): normalizer produced 150 samples
2019-06-02 09:41:04,120 INFO o.a.j.r.p.CsvFileSampleSource: produce(): 150 samples produced in 337ms on channel 0
2019-06-02 09:41:04,120 INFO o.a.j.r.d.ReportGenerator: Exporting data using exporter:'html' of className:'org.apache.jmeter.report.dashboard.HtmlTemplateExporter'
2019-06-02 09:41:04,123 INFO o.a.j.r.d.HtmlTemplateExporter: Will generate dashboard in folder: D:\softwaredate\jmeterdate\git_demo\report1
2019-06-02 09:41:04,197 INFO o.a.j.r.d.HtmlTemplateExporter: Report will be generated in: D:\softwaredate\jmeterdate\git_demo\report1, creating folder structure
2019-06-02 09:41:04,924 INFO o.a.j.JMeter: Dashboard generated
